mode: set
github.com/AmiyoKm/testing/dictionary/dictionary.go:10.57,12.9 2 1
github.com/AmiyoKm/testing/dictionary/dictionary.go:12.9,14.3 1 1
github.com/AmiyoKm/testing/dictionary/dictionary.go:15.2,15.17 1 1
github.com/AmiyoKm/testing/dictionary/dictionary.go:18.50,20.8 2 1
github.com/AmiyoKm/testing/dictionary/dictionary.go:20.8,22.3 1 1
github.com/AmiyoKm/testing/dictionary/dictionary.go:24.2,25.12 2 1
github.com/AmiyoKm/testing/shapes/shapes.go:14.40,16.2 1 1
github.com/AmiyoKm/testing/shapes/shapes.go:18.35,20.2 1 1
github.com/AmiyoKm/testing/shapes/shapes.go:26.37,28.2 1 1
github.com/AmiyoKm/testing/shapes/shapes.go:30.32,32.2 1 1
github.com/AmiyoKm/testing/shapes/shapes.go:39.34,41.2 1 1
github.com/AmiyoKm/testing/shapes/shapes.go:43.34,45.2 1 1
github.com/AmiyoKm/testing/iterations/iterations.go:7.44,10.29 2 1
github.com/AmiyoKm/testing/iterations/iterations.go:10.29,12.3 1 1
github.com/AmiyoKm/testing/iterations/iterations.go:13.2,13.21 1 1
github.com/AmiyoKm/testing/slices/sum.go:3.25,6.26 2 1
github.com/AmiyoKm/testing/slices/sum.go:6.26,8.3 1 1
github.com/AmiyoKm/testing/slices/sum.go:9.2,9.12 1 1
github.com/AmiyoKm/testing/slices/sum.go:12.36,15.29 2 1
github.com/AmiyoKm/testing/slices/sum.go:15.29,17.3 1 1
github.com/AmiyoKm/testing/slices/sum.go:19.2,19.13 1 1
github.com/AmiyoKm/testing/slices/sum.go:22.41,25.29 2 1
github.com/AmiyoKm/testing/slices/sum.go:25.29,26.19 1 1
github.com/AmiyoKm/testing/slices/sum.go:26.19,28.4 1 1
github.com/AmiyoKm/testing/slices/sum.go:28.9,30.4 1 1
github.com/AmiyoKm/testing/slices/sum.go:32.2,32.13 1 1
github.com/AmiyoKm/testing/integers/adder.go:3.24,5.2 1 1
github.com/AmiyoKm/testing/hello/main.go:12.49,13.16 1 1
github.com/AmiyoKm/testing/hello/main.go:13.16,15.3 1 1
github.com/AmiyoKm/testing/hello/main.go:16.2,16.40 1 1
github.com/AmiyoKm/testing/hello/main.go:19.54,20.18 1 1
github.com/AmiyoKm/testing/hello/main.go:21.15,22.30 1 1
github.com/AmiyoKm/testing/hello/main.go:23.14,24.29 1 1
github.com/AmiyoKm/testing/hello/main.go:25.10,26.30 1 1
github.com/AmiyoKm/testing/hello/main.go:28.2,28.8 1 1
github.com/AmiyoKm/testing/wallet/wallet.go:12.34,14.2 1 1
github.com/AmiyoKm/testing/wallet/wallet.go:20.42,22.2 1 1
github.com/AmiyoKm/testing/wallet/wallet.go:24.36,26.2 1 1
github.com/AmiyoKm/testing/wallet/wallet.go:28.49,29.24 1 1
github.com/AmiyoKm/testing/wallet/wallet.go:29.24,31.3 1 1
github.com/AmiyoKm/testing/wallet/wallet.go:32.2,33.12 2 1
