mode: set
github.com/AmiyoKm/testing/concurrency/concurrency.go:9.70,12.27 3 1
github.com/AmiyoKm/testing/concurrency/concurrency.go:12.27,13.13 1 1
github.com/AmiyoKm/testing/concurrency/concurrency.go:13.13,15.4 1 1
github.com/AmiyoKm/testing/concurrency/concurrency.go:18.2,18.17 1 1
github.com/AmiyoKm/testing/concurrency/concurrency.go:18.17,21.3 2 1
github.com/AmiyoKm/testing/concurrency/concurrency.go:23.2,23.16 1 1
github.com/AmiyoKm/testing/dictionary/dictionary.go:9.39,11.2 1 0
github.com/AmiyoKm/testing/dictionary/dictionary.go:17.57,19.9 2 1
github.com/AmiyoKm/testing/dictionary/dictionary.go:19.9,21.3 1 1
github.com/AmiyoKm/testing/dictionary/dictionary.go:22.2,22.17 1 1
github.com/AmiyoKm/testing/dictionary/dictionary.go:25.50,28.13 2 1
github.com/AmiyoKm/testing/dictionary/dictionary.go:29.19,30.17 1 1
github.com/AmiyoKm/testing/dictionary/dictionary.go:31.11,32.23 1 1
github.com/AmiyoKm/testing/dictionary/dictionary.go:33.10,34.13 1 0
github.com/AmiyoKm/testing/dictionary/dictionary.go:37.2,37.12 1 1
github.com/AmiyoKm/testing/dictionary/dictionary.go:40.62,43.16 2 1
github.com/AmiyoKm/testing/dictionary/dictionary.go:43.16,44.14 1 1
github.com/AmiyoKm/testing/dictionary/dictionary.go:45.20,46.30 1 1
github.com/AmiyoKm/testing/dictionary/dictionary.go:47.11,48.14 1 0
github.com/AmiyoKm/testing/dictionary/dictionary.go:51.2,52.12 2 1
github.com/AmiyoKm/testing/dictionary/dictionary.go:55.47,58.16 2 1
github.com/AmiyoKm/testing/dictionary/dictionary.go:58.16,59.14 1 1
github.com/AmiyoKm/testing/dictionary/dictionary.go:60.20,61.30 1 1
github.com/AmiyoKm/testing/dictionary/dictionary.go:62.11,63.14 1 0
github.com/AmiyoKm/testing/dictionary/dictionary.go:66.2,67.12 2 1
github.com/AmiyoKm/testing/integers/adder.go:3.24,5.2 1 1
github.com/AmiyoKm/testing/hello/main.go:12.49,13.16 1 1
github.com/AmiyoKm/testing/hello/main.go:13.16,15.3 1 1
github.com/AmiyoKm/testing/hello/main.go:16.2,16.40 1 1
github.com/AmiyoKm/testing/hello/main.go:19.54,20.18 1 1
github.com/AmiyoKm/testing/hello/main.go:21.15,22.30 1 1
github.com/AmiyoKm/testing/hello/main.go:23.14,24.29 1 1
github.com/AmiyoKm/testing/hello/main.go:25.10,26.30 1 1
github.com/AmiyoKm/testing/hello/main.go:28.2,28.8 1 1
github.com/AmiyoKm/testing/iterations/iterations.go:7.44,10.29 2 1
github.com/AmiyoKm/testing/iterations/iterations.go:10.29,12.3 1 1
github.com/AmiyoKm/testing/iterations/iterations.go:13.2,13.21 1 1
github.com/AmiyoKm/testing/mocking/main.go:19.39,21.2 1 1
github.com/AmiyoKm/testing/mocking/main.go:28.46,29.38 1 1
github.com/AmiyoKm/testing/mocking/main.go:29.38,32.3 2 1
github.com/AmiyoKm/testing/mocking/main.go:33.2,33.26 1 1
github.com/AmiyoKm/testing/mocking/main.go:36.13,39.2 2 0
github.com/AmiyoKm/testing/mocking/spy.go:12.42,14.2 1 1
github.com/AmiyoKm/testing/mocking/spy.go:15.69,18.2 2 1
github.com/AmiyoKm/testing/mocking/spy.go:24.49,26.2 1 1
github.com/AmiyoKm/testing/greet/main.go:10.38,12.2 1 1
github.com/AmiyoKm/testing/greet/main.go:14.59,16.2 1 0
github.com/AmiyoKm/testing/greet/main.go:18.13,21.2 2 0
github.com/AmiyoKm/testing/slices/sum.go:3.25,6.26 2 1
github.com/AmiyoKm/testing/slices/sum.go:6.26,8.3 1 1
github.com/AmiyoKm/testing/slices/sum.go:9.2,9.12 1 1
github.com/AmiyoKm/testing/slices/sum.go:12.36,15.29 2 1
github.com/AmiyoKm/testing/slices/sum.go:15.29,17.3 1 1
github.com/AmiyoKm/testing/slices/sum.go:19.2,19.13 1 1
github.com/AmiyoKm/testing/slices/sum.go:22.41,25.29 2 1
github.com/AmiyoKm/testing/slices/sum.go:25.29,26.19 1 1
github.com/AmiyoKm/testing/slices/sum.go:26.19,28.4 1 1
github.com/AmiyoKm/testing/slices/sum.go:28.9,30.4 1 1
github.com/AmiyoKm/testing/slices/sum.go:32.2,32.13 1 1
github.com/AmiyoKm/testing/shapes/shapes.go:14.40,16.2 1 1
github.com/AmiyoKm/testing/shapes/shapes.go:18.35,20.2 1 1
github.com/AmiyoKm/testing/shapes/shapes.go:26.37,28.2 1 1
github.com/AmiyoKm/testing/shapes/shapes.go:30.32,32.2 1 1
github.com/AmiyoKm/testing/shapes/shapes.go:39.34,41.2 1 1
github.com/AmiyoKm/testing/shapes/shapes.go:43.34,45.2 1 1
github.com/AmiyoKm/testing/wallet/wallet.go:12.34,14.2 1 1
github.com/AmiyoKm/testing/wallet/wallet.go:20.42,22.2 1 1
github.com/AmiyoKm/testing/wallet/wallet.go:24.36,26.2 1 1
github.com/AmiyoKm/testing/wallet/wallet.go:28.49,29.24 1 1
github.com/AmiyoKm/testing/wallet/wallet.go:29.24,31.3 1 1
github.com/AmiyoKm/testing/wallet/wallet.go:32.2,33.12 2 1
github.com/AmiyoKm/testing/racer/racer.go:9.47,11.2 1 1
github.com/AmiyoKm/testing/racer/racer.go:13.82,14.9 1 1
github.com/AmiyoKm/testing/racer/racer.go:15.27,16.19 1 0
github.com/AmiyoKm/testing/racer/racer.go:17.29,18.19 1 1
github.com/AmiyoKm/testing/racer/racer.go:19.29,20.71 1 1
github.com/AmiyoKm/testing/racer/racer.go:24.44,26.12 2 1
github.com/AmiyoKm/testing/racer/racer.go:26.12,29.3 2 1
github.com/AmiyoKm/testing/racer/racer.go:30.2,30.11 1 1
